INFO - 2023-12-12 05:38:36 --> Session: Class initialized using 'CodeIgniter\Session\Handlers\FileHandler' driver.
INFO - 2023-12-12 06:02:22 --> Session: Class initialized using 'CodeIgniter\Session\Handlers\FileHandler' driver.
CRITICAL - 2023-12-12 06:12:08 --> Undefined variable: content_heading
in APPPATH\Views\content\show.php on line 27.
 1 APPPATH\Views\content\show.php(27): CodeIgniter\Debug\Exceptions->errorHandler(8, 'Undefined variable: content_heading', 'C:\\xampp\\htdocs\\tburger\\app\\Views\\content\\show.php', 27, [...])
 2 SYSTEMPATH\View\View.php(228): include('C:\\xampp\\htdocs\\tburger\\app\\Views\\content\\show.php')
 3 SYSTEMPATH\View\View.php(231): CodeIgniter\View\View->CodeIgniter\View\{closure}()
 4 SYSTEMPATH\Common.php(1190): CodeIgniter\View\View->render('content/show', [], true)
 5 APPPATH\Controllers\Content.php(18): view('content/show', [...])
 6 SYSTEMPATH\CodeIgniter.php(942): App\Controllers\Content->show()
 7 SYSTEMPATH\CodeIgniter.php(502): CodeIgniter\CodeIgniter->runController(Object(App\Controllers\Content))
 8 SYSTEMPATH\CodeIgniter.php(361): CodeIgniter\CodeIgniter->handleRequest(null, Object(Config\Cache), false)
 9 FCPATH\index.php(79): CodeIgniter\CodeIgniter->run()
CRITICAL - 2023-12-12 06:12:40 --> Undefined variable: page
in APPPATH\Views\content\show.php on line 30.
 1 APPPATH\Views\content\show.php(30): CodeIgniter\Debug\Exceptions->errorHandler(8, 'Undefined variable: page', 'C:\\xampp\\htdocs\\tburger\\app\\Views\\content\\show.php', 30, [...])
 2 SYSTEMPATH\View\View.php(228): include('C:\\xampp\\htdocs\\tburger\\app\\Views\\content\\show.php')
 3 SYSTEMPATH\View\View.php(231): CodeIgniter\View\View->CodeIgniter\View\{closure}()
 4 SYSTEMPATH\Common.php(1190): CodeIgniter\View\View->render('content/show', [], true)
 5 APPPATH\Controllers\Content.php(18): view('content/show', [...])
 6 SYSTEMPATH\CodeIgniter.php(942): App\Controllers\Content->show()
 7 SYSTEMPATH\CodeIgniter.php(502): CodeIgniter\CodeIgniter->runController(Object(App\Controllers\Content))
 8 SYSTEMPATH\CodeIgniter.php(361): CodeIgniter\CodeIgniter->handleRequest(null, Object(Config\Cache), false)
 9 FCPATH\index.php(79): CodeIgniter\CodeIgniter->run()
INFO - 2023-12-12 06:29:59 --> Session: Class initialized using 'CodeIgniter\Session\Handlers\FileHandler' driver.
INFO - 2023-12-12 06:31:44 --> Session: Class initialized using 'CodeIgniter\Session\Handlers\FileHandler' driver.
CRITICAL - 2023-12-12 07:07:28 --> syntax error, unexpected end of file, expecting function (T_FUNCTION) or const (T_CONST)
in APPPATH\Controllers\Content.php on line 32.
 1 SYSTEMPATH\Autoloader\Autoloader.php(291): CodeIgniter\Autoloader\Autoloader->includeFile('C:\\xampp\\htdocs\\tburger\\app\\Controllers\\Content.php')
 2 SYSTEMPATH\Autoloader\Autoloader.php(269): CodeIgniter\Autoloader\Autoloader->loadInNamespace('App\\Controllers\\Content')
 3 [internal function]: CodeIgniter\Autoloader\Autoloader->loadClass('App\\Controllers\\Content')
 4 [internal function]: spl_autoload_call('App\\Controllers\\Content')
 5 SYSTEMPATH\CodeIgniter.php(900): class_exists('\\App\\Controllers\\Content', true)
 6 SYSTEMPATH\CodeIgniter.php(489): CodeIgniter\CodeIgniter->startController()
 7 SYSTEMPATH\CodeIgniter.php(361): CodeIgniter\CodeIgniter->handleRequest(null, Object(Config\Cache), false)
 8 FCPATH\index.php(79): CodeIgniter\CodeIgniter->run()
CRITICAL - 2023-12-12 07:07:35 --> syntax error, unexpected end of file, expecting function (T_FUNCTION) or const (T_CONST)
in APPPATH\Controllers\Content.php on line 32.
 1 SYSTEMPATH\Autoloader\Autoloader.php(291): CodeIgniter\Autoloader\Autoloader->includeFile('C:\\xampp\\htdocs\\tburger\\app\\Controllers\\Content.php')
 2 SYSTEMPATH\Autoloader\Autoloader.php(269): CodeIgniter\Autoloader\Autoloader->loadInNamespace('App\\Controllers\\Content')
 3 [internal function]: CodeIgniter\Autoloader\Autoloader->loadClass('App\\Controllers\\Content')
 4 [internal function]: spl_autoload_call('App\\Controllers\\Content')
 5 SYSTEMPATH\CodeIgniter.php(900): class_exists('\\App\\Controllers\\Content', true)
 6 SYSTEMPATH\CodeIgniter.php(489): CodeIgniter\CodeIgniter->startController()
 7 SYSTEMPATH\CodeIgniter.php(361): CodeIgniter\CodeIgniter->handleRequest(null, Object(Config\Cache), false)
 8 FCPATH\index.php(79): CodeIgniter\CodeIgniter->run()
CRITICAL - 2023-12-12 07:07:46 --> Undefined variable: content
in APPPATH\Views\content\edit.php on line 10.
 1 APPPATH\Views\content\edit.php(10): CodeIgniter\Debug\Exceptions->errorHandler(8, 'Undefined variable: content', 'C:\\xampp\\htdocs\\tburger\\app\\Views\\content\\edit.php', 10, [])
 2 SYSTEMPATH\View\View.php(228): include('C:\\xampp\\htdocs\\tburger\\app\\Views\\content\\edit.php')
 3 SYSTEMPATH\View\View.php(231): CodeIgniter\View\View->CodeIgniter\View\{closure}()
 4 SYSTEMPATH\Common.php(1190): CodeIgniter\View\View->render('content/edit', [], true)
 5 APPPATH\Controllers\Content.php(30): view('content/edit')
 6 SYSTEMPATH\CodeIgniter.php(942): App\Controllers\Content->edit('7')
 7 SYSTEMPATH\CodeIgniter.php(502): CodeIgniter\CodeIgniter->runController(Object(App\Controllers\Content))
 8 SYSTEMPATH\CodeIgniter.php(361): CodeIgniter\CodeIgniter->handleRequest(null, Object(Config\Cache), false)
 9 FCPATH\index.php(79): CodeIgniter\CodeIgniter->run()
CRITICAL - 2023-12-12 07:08:20 --> Argument 1 passed to CodeIgniter\Entity\Entity::__construct() must be of the type array or null, string given, called in C:\xampp\htdocs\tburger\app\Controllers\Content.php on line 30
in SYSTEMPATH\Entity\Entity.php on line 129.
 1 APPPATH\Controllers\Content.php(30): CodeIgniter\Entity\Entity->__construct('7')
 2 SYSTEMPATH\CodeIgniter.php(942): App\Controllers\Content->edit('7')
 3 SYSTEMPATH\CodeIgniter.php(502): CodeIgniter\CodeIgniter->runController(Object(App\Controllers\Content))
 4 SYSTEMPATH\CodeIgniter.php(361): CodeIgniter\CodeIgniter->handleRequest(null, Object(Config\Cache), false)
 5 FCPATH\index.php(79): CodeIgniter\CodeIgniter->run()
CRITICAL - 2023-12-12 07:54:21 --> There is no data to update.
in SYSTEMPATH\BaseModel.php on line 1726.
 1 SYSTEMPATH\BaseModel.php(1726): CodeIgniter\Database\Exceptions\DataException::forEmptyDataset('update')
 2 SYSTEMPATH\BaseModel.php(916): CodeIgniter\BaseModel->transformDataToArray(null, 'update')
 3 SYSTEMPATH\Model.php(776): CodeIgniter\BaseModel->update(Object(App\Entities\ContentEntity), null)
 4 APPPATH\Controllers\Content.php(39): CodeIgniter\Model->update(Object(App\Entities\ContentEntity))
 5 SYSTEMPATH\CodeIgniter.php(942): App\Controllers\Content->update('7')
 6 SYSTEMPATH\CodeIgniter.php(502): CodeIgniter\CodeIgniter->runController(Object(App\Controllers\Content))
 7 SYSTEMPATH\CodeIgniter.php(361): CodeIgniter\CodeIgniter->handleRequest(null, Object(Config\Cache), false)
 8 FCPATH\index.php(79): CodeIgniter\CodeIgniter->run()
INFO - 2023-12-12 07:59:22 --> Session: Class initialized using 'CodeIgniter\Session\Handlers\FileHandler' driver.
CRITICAL - 2023-12-12 08:00:06 --> There is no data to update.
in SYSTEMPATH\BaseModel.php on line 1749.
 1 SYSTEMPATH\BaseModel.php(1749): CodeIgniter\Database\Exceptions\DataException::forEmptyDataset('update')
 2 SYSTEMPATH\BaseModel.php(916): CodeIgniter\BaseModel->transformDataToArray([], 'update')
 3 SYSTEMPATH\Model.php(776): CodeIgniter\BaseModel->update([...], Object(App\Entities\ContentEntity))
 4 APPPATH\Controllers\Content.php(52): CodeIgniter\Model->update('7', Object(App\Entities\ContentEntity))
 5 SYSTEMPATH\CodeIgniter.php(942): App\Controllers\Content->update('7')
 6 SYSTEMPATH\CodeIgniter.php(502): CodeIgniter\CodeIgniter->runController(Object(App\Controllers\Content))
 7 SYSTEMPATH\CodeIgniter.php(361): CodeIgniter\CodeIgniter->handleRequest(null, Object(Config\Cache), false)
 8 FCPATH\index.php(79): CodeIgniter\CodeIgniter->run()
INFO - 2023-12-12 10:11:27 --> Session: Class initialized using 'CodeIgniter\Session\Handlers\FileHandler' driver.
INFO - 2023-12-12 10:11:33 --> Session: Class initialized using 'CodeIgniter\Session\Handlers\FileHandler' driver.
INFO - 2023-12-12 10:11:35 --> Session: Class initialized using 'CodeIgniter\Session\Handlers\FileHandler' driver.
INFO - 2023-12-12 10:11:36 --> Session: Class initialized using 'CodeIgniter\Session\Handlers\FileHandler' driver.
INFO - 2023-12-12 10:11:37 --> Session: Class initialized using 'CodeIgniter\Session\Handlers\FileHandler' driver.
INFO - 2023-12-12 10:11:39 --> Session: Class initialized using 'CodeIgniter\Session\Handlers\FileHandler' driver.
INFO - 2023-12-12 10:11:44 --> Session: Class initialized using 'CodeIgniter\Session\Handlers\FileHandler' driver.
INFO - 2023-12-12 10:11:45 --> Session: Class initialized using 'CodeIgniter\Session\Handlers\FileHandler' driver.
INFO - 2023-12-12 10:11:46 --> Session: Class initialized using 'CodeIgniter\Session\Handlers\FileHandler' driver.
INFO - 2023-12-12 10:13:33 --> Session: Class initialized using 'CodeIgniter\Session\Handlers\FileHandler' driver.
CRITICAL - 2023-12-12 10:30:03 --> syntax error, unexpected ';', expecting '('
in APPPATH\Views\homepage.php on line 243.
 1 SYSTEMPATH\View\View.php(231): CodeIgniter\View\View->CodeIgniter\View\{closure}()
 2 SYSTEMPATH\Common.php(1190): CodeIgniter\View\View->render('homepage', [], true)
 3 APPPATH\Controllers\Home.php(17): view('homepage', [...])
 4 SYSTEMPATH\CodeIgniter.php(942): App\Controllers\Home->index()
 5 SYSTEMPATH\CodeIgniter.php(502): CodeIgniter\CodeIgniter->runController(Object(App\Controllers\Home))
 6 SYSTEMPATH\CodeIgniter.php(361): CodeIgniter\CodeIgniter->handleRequest(null, Object(Config\Cache), false)
 7 FCPATH\index.php(79): CodeIgniter\CodeIgniter->run()
CRITICAL - 2023-12-12 10:30:19 --> Undefined variable: comments
in APPPATH\Views\homepage.php on line 228.
 1 APPPATH\Views\homepage.php(228): CodeIgniter\Debug\Exceptions->errorHandler(8, 'Undefined variable: comments', 'C:\\xampp\\htdocs\\tburger\\app\\Views\\homepage.php', 228, [...])
 2 SYSTEMPATH\View\View.php(228): include('C:\\xampp\\htdocs\\tburger\\app\\Views\\homepage.php')
 3 SYSTEMPATH\View\View.php(231): CodeIgniter\View\View->CodeIgniter\View\{closure}()
 4 SYSTEMPATH\Common.php(1190): CodeIgniter\View\View->render('homepage', [], true)
 5 APPPATH\Controllers\Home.php(17): view('homepage', [...])
 6 SYSTEMPATH\CodeIgniter.php(942): App\Controllers\Home->index()
 7 SYSTEMPATH\CodeIgniter.php(502): CodeIgniter\CodeIgniter->runController(Object(App\Controllers\Home))
 8 SYSTEMPATH\CodeIgniter.php(361): CodeIgniter\CodeIgniter->handleRequest(null, Object(Config\Cache), false)
 9 FCPATH\index.php(79): CodeIgniter\CodeIgniter->run()
INFO - 2023-12-12 11:01:57 --> Session: Class initialized using 'CodeIgniter\Session\Handlers\FileHandler' driver.
INFO - 2023-12-12 11:13:02 --> Session: Class initialized using 'CodeIgniter\Session\Handlers\FileHandler' driver.
CRITICAL - 2023-12-12 11:24:57 --> Undefined variable: back_imageName
in APPPATH\Controllers\Content.php on line 41.
 1 APPPATH\Controllers\Content.php(41): CodeIgniter\Debug\Exceptions->errorHandler(8, 'Undefined variable: back_imageName', 'C:\\xampp\\htdocs\\tburger\\app\\Controllers\\Content.php', 41, [...])
 2 SYSTEMPATH\CodeIgniter.php(942): App\Controllers\Content->create()
 3 SYSTEMPATH\CodeIgniter.php(502): CodeIgniter\CodeIgniter->runController(Object(App\Controllers\Content))
 4 SYSTEMPATH\CodeIgniter.php(361): CodeIgniter\CodeIgniter->handleRequest(null, Object(Config\Cache), false)
 5 FCPATH\index.php(79): CodeIgniter\CodeIgniter->run()
INFO - 2023-12-12 11:31:47 --> Session: Class initialized using 'CodeIgniter\Session\Handlers\FileHandler' driver.
