CRITICAL - 2023-12-11 08:04:41 --> Cannot declare class App\Controllers\Pages because the name is already in use
in APPPATH\Controllers\Pages.php on line 7.
 1 [internal function]: CodeIgniter\Debug\Exceptions->shutdownHandler()
CRITICAL - 2023-12-11 08:33:38 --> Invalid file: "show.php"
in SYSTEMPATH\Exceptions\FrameworkException.php on line 39.
 1 SYSTEMPATH\View\View.php(216): CodeIgniter\Exceptions\FrameworkException::forInvalidFile('show.php')
 2 SYSTEMPATH\Common.php(1190): CodeIgniter\View\View->render('show', [], true)
 3 APPPATH\Controllers\Page.php(16): view('show', [...])
 4 SYSTEMPATH\CodeIgniter.php(942): App\Controllers\Page->show()
 5 SYSTEMPATH\CodeIgniter.php(502): CodeIgniter\CodeIgniter->runController(Object(App\Controllers\Page))
 6 SYSTEMPATH\CodeIgniter.php(361): CodeIgniter\CodeIgniter->handleRequest(null, Object(Config\Cache), false)
 7 FCPATH\index.php(79): CodeIgniter\CodeIgniter->run()
CRITICAL - 2023-12-11 08:33:55 --> Trying to access array offset on value of type null
in APPPATH\Views\Pages\show.php on line 21.
 1 APPPATH\Views\Pages\show.php(21): CodeIgniter\Debug\Exceptions->errorHandler(8, 'Trying to access array offset on value of type null', 'C:\\xampp\\htdocs\\tburger\\app\\Views\\Pages\\show.php', 21, [...])
 2 SYSTEMPATH\View\View.php(228): include('C:\\xampp\\htdocs\\tburger\\app\\Views\\Pages\\show.php')
 3 SYSTEMPATH\View\View.php(231): CodeIgniter\View\View->CodeIgniter\View\{closure}()
 4 SYSTEMPATH\Common.php(1190): CodeIgniter\View\View->render('pages/show', [], true)
 5 APPPATH\Controllers\Page.php(16): view('pages/show', [...])
 6 SYSTEMPATH\CodeIgniter.php(942): App\Controllers\Page->show()
 7 SYSTEMPATH\CodeIgniter.php(502): CodeIgniter\CodeIgniter->runController(Object(App\Controllers\Page))
 8 SYSTEMPATH\CodeIgniter.php(361): CodeIgniter\CodeIgniter->handleRequest(null, Object(Config\Cache), false)
 9 FCPATH\index.php(79): CodeIgniter\CodeIgniter->run()
CRITICAL - 2023-12-11 08:35:33 --> Trying to get property 'pages_id' of non-object
in APPPATH\Views\Pages\show.php on line 21.
 1 APPPATH\Views\Pages\show.php(21): CodeIgniter\Debug\Exceptions->errorHandler(8, 'Trying to get property \'pages_id\' of non-object', 'C:\\xampp\\htdocs\\tburger\\app\\Views\\Pages\\show.php', 21, [...])
 2 SYSTEMPATH\View\View.php(228): include('C:\\xampp\\htdocs\\tburger\\app\\Views\\Pages\\show.php')
 3 SYSTEMPATH\View\View.php(231): CodeIgniter\View\View->CodeIgniter\View\{closure}()
 4 SYSTEMPATH\Common.php(1190): CodeIgniter\View\View->render('pages/show', [], true)
 5 APPPATH\Controllers\Page.php(16): view('pages/show', [...])
 6 SYSTEMPATH\CodeIgniter.php(942): App\Controllers\Page->show()
 7 SYSTEMPATH\CodeIgniter.php(502): CodeIgniter\CodeIgniter->runController(Object(App\Controllers\Page))
 8 SYSTEMPATH\CodeIgniter.php(361): CodeIgniter\CodeIgniter->handleRequest(null, Object(Config\Cache), false)
 9 FCPATH\index.php(79): CodeIgniter\CodeIgniter->run()
CRITICAL - 2023-12-11 08:35:34 --> Trying to get property 'pages_id' of non-object
in APPPATH\Views\Pages\show.php on line 21.
 1 APPPATH\Views\Pages\show.php(21): CodeIgniter\Debug\Exceptions->errorHandler(8, 'Trying to get property \'pages_id\' of non-object', 'C:\\xampp\\htdocs\\tburger\\app\\Views\\Pages\\show.php', 21, [...])
 2 SYSTEMPATH\View\View.php(228): include('C:\\xampp\\htdocs\\tburger\\app\\Views\\Pages\\show.php')
 3 SYSTEMPATH\View\View.php(231): CodeIgniter\View\View->CodeIgniter\View\{closure}()
 4 SYSTEMPATH\Common.php(1190): CodeIgniter\View\View->render('pages/show', [], true)
 5 APPPATH\Controllers\Page.php(16): view('pages/show', [...])
 6 SYSTEMPATH\CodeIgniter.php(942): App\Controllers\Page->show()
 7 SYSTEMPATH\CodeIgniter.php(502): CodeIgniter\CodeIgniter->runController(Object(App\Controllers\Page))
 8 SYSTEMPATH\CodeIgniter.php(361): CodeIgniter\CodeIgniter->handleRequest(null, Object(Config\Cache), false)
 9 FCPATH\index.php(79): CodeIgniter\CodeIgniter->run()
CRITICAL - 2023-12-11 08:35:35 --> Trying to get property 'pages_id' of non-object
in APPPATH\Views\Pages\show.php on line 21.
 1 APPPATH\Views\Pages\show.php(21): CodeIgniter\Debug\Exceptions->errorHandler(8, 'Trying to get property \'pages_id\' of non-object', 'C:\\xampp\\htdocs\\tburger\\app\\Views\\Pages\\show.php', 21, [...])
 2 SYSTEMPATH\View\View.php(228): include('C:\\xampp\\htdocs\\tburger\\app\\Views\\Pages\\show.php')
 3 SYSTEMPATH\View\View.php(231): CodeIgniter\View\View->CodeIgniter\View\{closure}()
 4 SYSTEMPATH\Common.php(1190): CodeIgniter\View\View->render('pages/show', [], true)
 5 APPPATH\Controllers\Page.php(16): view('pages/show', [...])
 6 SYSTEMPATH\CodeIgniter.php(942): App\Controllers\Page->show()
 7 SYSTEMPATH\CodeIgniter.php(502): CodeIgniter\CodeIgniter->runController(Object(App\Controllers\Page))
 8 SYSTEMPATH\CodeIgniter.php(361): CodeIgniter\CodeIgniter->handleRequest(null, Object(Config\Cache), false)
 9 FCPATH\index.php(79): CodeIgniter\CodeIgniter->run()
CRITICAL - 2023-12-11 08:35:35 --> Trying to get property 'pages_id' of non-object
in APPPATH\Views\Pages\show.php on line 21.
 1 APPPATH\Views\Pages\show.php(21): CodeIgniter\Debug\Exceptions->errorHandler(8, 'Trying to get property \'pages_id\' of non-object', 'C:\\xampp\\htdocs\\tburger\\app\\Views\\Pages\\show.php', 21, [...])
 2 SYSTEMPATH\View\View.php(228): include('C:\\xampp\\htdocs\\tburger\\app\\Views\\Pages\\show.php')
 3 SYSTEMPATH\View\View.php(231): CodeIgniter\View\View->CodeIgniter\View\{closure}()
 4 SYSTEMPATH\Common.php(1190): CodeIgniter\View\View->render('pages/show', [], true)
 5 APPPATH\Controllers\Page.php(16): view('pages/show', [...])
 6 SYSTEMPATH\CodeIgniter.php(942): App\Controllers\Page->show()
 7 SYSTEMPATH\CodeIgniter.php(502): CodeIgniter\CodeIgniter->runController(Object(App\Controllers\Page))
 8 SYSTEMPATH\CodeIgniter.php(361): CodeIgniter\CodeIgniter->handleRequest(null, Object(Config\Cache), false)
 9 FCPATH\index.php(79): CodeIgniter\CodeIgniter->run()
CRITICAL - 2023-12-11 08:35:35 --> Trying to get property 'pages_id' of non-object
in APPPATH\Views\Pages\show.php on line 21.
 1 APPPATH\Views\Pages\show.php(21): CodeIgniter\Debug\Exceptions->errorHandler(8, 'Trying to get property \'pages_id\' of non-object', 'C:\\xampp\\htdocs\\tburger\\app\\Views\\Pages\\show.php', 21, [...])
 2 SYSTEMPATH\View\View.php(228): include('C:\\xampp\\htdocs\\tburger\\app\\Views\\Pages\\show.php')
 3 SYSTEMPATH\View\View.php(231): CodeIgniter\View\View->CodeIgniter\View\{closure}()
 4 SYSTEMPATH\Common.php(1190): CodeIgniter\View\View->render('pages/show', [], true)
 5 APPPATH\Controllers\Page.php(16): view('pages/show', [...])
 6 SYSTEMPATH\CodeIgniter.php(942): App\Controllers\Page->show()
 7 SYSTEMPATH\CodeIgniter.php(502): CodeIgniter\CodeIgniter->runController(Object(App\Controllers\Page))
 8 SYSTEMPATH\CodeIgniter.php(361): CodeIgniter\CodeIgniter->handleRequest(null, Object(Config\Cache), false)
 9 FCPATH\index.php(79): CodeIgniter\CodeIgniter->run()
CRITICAL - 2023-12-11 08:36:06 --> Call to undefined method App\Entities\Pages::findAll()
in APPPATH\Controllers\Page.php on line 15.
 1 SYSTEMPATH\CodeIgniter.php(942): App\Controllers\Page->show()
 2 SYSTEMPATH\CodeIgniter.php(502): CodeIgniter\CodeIgniter->runController(Object(App\Controllers\Page))
 3 SYSTEMPATH\CodeIgniter.php(361): CodeIgniter\CodeIgniter->handleRequest(null, Object(Config\Cache), false)
 4 FCPATH\index.php(79): CodeIgniter\CodeIgniter->run()
CRITICAL - 2023-12-11 08:37:30 --> Cannot use object of type App\Entities\Pages as array
in APPPATH\Views\Pages\show.php on line 21.
 1 SYSTEMPATH\View\View.php(228): include()
 2 SYSTEMPATH\View\View.php(231): CodeIgniter\View\View->CodeIgniter\View\{closure}()
 3 SYSTEMPATH\Common.php(1190): CodeIgniter\View\View->render('pages/show', [], true)
 4 APPPATH\Controllers\Page.php(16): view('pages/show', [...])
 5 SYSTEMPATH\CodeIgniter.php(942): App\Controllers\Page->show()
 6 SYSTEMPATH\CodeIgniter.php(502): CodeIgniter\CodeIgniter->runController(Object(App\Controllers\Page))
 7 SYSTEMPATH\CodeIgniter.php(361): CodeIgniter\CodeIgniter->handleRequest(null, Object(Config\Cache), false)
 8 FCPATH\index.php(79): CodeIgniter\CodeIgniter->run()
CRITICAL - 2023-12-11 08:48:54 --> Too few arguments to function App\Controllers\Page::edit(), 0 passed in C:\xampp\htdocs\tburger\system\CodeIgniter.php on line 942 and exactly 1 expected
in APPPATH\Controllers\Page.php on line 30.
 1 SYSTEMPATH\CodeIgniter.php(942): App\Controllers\Page->edit()
 2 SYSTEMPATH\CodeIgniter.php(502): CodeIgniter\CodeIgniter->runController(Object(App\Controllers\Page))
 3 SYSTEMPATH\CodeIgniter.php(361): CodeIgniter\CodeIgniter->handleRequest(null, Object(Config\Cache), false)
 4 FCPATH\index.php(79): CodeIgniter\CodeIgniter->run()
CRITICAL - 2023-12-11 08:49:32 --> Too few arguments to function App\Controllers\Page::edit(), 0 passed in C:\xampp\htdocs\tburger\system\CodeIgniter.php on line 942 and exactly 1 expected
in APPPATH\Controllers\Page.php on line 30.
 1 SYSTEMPATH\CodeIgniter.php(942): App\Controllers\Page->edit()
 2 SYSTEMPATH\CodeIgniter.php(502): CodeIgniter\CodeIgniter->runController(Object(App\Controllers\Page))
 3 SYSTEMPATH\CodeIgniter.php(361): CodeIgniter\CodeIgniter->handleRequest(null, Object(Config\Cache), false)
 4 FCPATH\index.php(79): CodeIgniter\CodeIgniter->run()
CRITICAL - 2023-12-11 08:52:19 --> Undefined variable: pager
in APPPATH\Views\Pages\show.php on line 30.
 1 APPPATH\Views\Pages\show.php(30): CodeIgniter\Debug\Exceptions->errorHandler(8, 'Undefined variable: pager', 'C:\\xampp\\htdocs\\tburger\\app\\Views\\Pages\\show.php', 30, [...])
 2 SYSTEMPATH\View\View.php(228): include('C:\\xampp\\htdocs\\tburger\\app\\Views\\Pages\\show.php')
 3 SYSTEMPATH\View\View.php(231): CodeIgniter\View\View->CodeIgniter\View\{closure}()
 4 SYSTEMPATH\Common.php(1190): CodeIgniter\View\View->render('pages/show', [], true)
 5 APPPATH\Controllers\Page.php(17): view('pages/show', [...])
 6 SYSTEMPATH\CodeIgniter.php(942): App\Controllers\Page->show()
 7 SYSTEMPATH\CodeIgniter.php(502): CodeIgniter\CodeIgniter->runController(Object(App\Controllers\Page))
 8 SYSTEMPATH\CodeIgniter.php(361): CodeIgniter\CodeIgniter->handleRequest(null, Object(Config\Cache), false)
 9 FCPATH\index.php(79): CodeIgniter\CodeIgniter->run()
CRITICAL - 2023-12-11 09:12:47 --> Undefined variable: page_title
in APPPATH\Controllers\Page.php on line 38.
 1 APPPATH\Controllers\Page.php(38): CodeIgniter\Debug\Exceptions->errorHandler(8, 'Undefined variable: page_title', 'C:\\xampp\\htdocs\\tburger\\app\\Controllers\\Page.php', 38, [...])
 2 SYSTEMPATH\CodeIgniter.php(942): App\Controllers\Page->update('1')
 3 SYSTEMPATH\CodeIgniter.php(502): CodeIgniter\CodeIgniter->runController(Object(App\Controllers\Page))
 4 SYSTEMPATH\CodeIgniter.php(361): CodeIgniter\CodeIgniter->handleRequest(null, Object(Config\Cache), false)
 5 FCPATH\index.php(79): CodeIgniter\CodeIgniter->run()
CRITICAL - 2023-12-11 09:14:45 --> Undefined variable: page_title
in APPPATH\Controllers\Page.php on line 39.
 1 APPPATH\Controllers\Page.php(39): CodeIgniter\Debug\Exceptions->errorHandler(8, 'Undefined variable: page_title', 'C:\\xampp\\htdocs\\tburger\\app\\Controllers\\Page.php', 39, [...])
 2 SYSTEMPATH\CodeIgniter.php(942): App\Controllers\Page->update('1')
 3 SYSTEMPATH\CodeIgniter.php(502): CodeIgniter\CodeIgniter->runController(Object(App\Controllers\Page))
 4 SYSTEMPATH\CodeIgniter.php(361): CodeIgniter\CodeIgniter->handleRequest(null, Object(Config\Cache), false)
 5 FCPATH\index.php(79): CodeIgniter\CodeIgniter->run()
CRITICAL - 2023-12-11 09:15:54 --> Call to undefined method App\Entities\Pages::update()
in APPPATH\Controllers\Page.php on line 39.
 1 SYSTEMPATH\CodeIgniter.php(942): App\Controllers\Page->update('1')
 2 SYSTEMPATH\CodeIgniter.php(502): CodeIgniter\CodeIgniter->runController(Object(App\Controllers\Page))
 3 SYSTEMPATH\CodeIgniter.php(361): CodeIgniter\CodeIgniter->handleRequest(null, Object(Config\Cache), false)
 4 FCPATH\index.php(79): CodeIgniter\CodeIgniter->run()
CRITICAL - 2023-12-11 09:17:32 --> Undefined variable: page_title
in APPPATH\Controllers\Page.php on line 39.
 1 APPPATH\Controllers\Page.php(39): CodeIgniter\Debug\Exceptions->errorHandler(8, 'Undefined variable: page_title', 'C:\\xampp\\htdocs\\tburger\\app\\Controllers\\Page.php', 39, [...])
 2 SYSTEMPATH\CodeIgniter.php(942): App\Controllers\Page->update('1')
 3 SYSTEMPATH\CodeIgniter.php(502): CodeIgniter\CodeIgniter->runController(Object(App\Controllers\Page))
 4 SYSTEMPATH\CodeIgniter.php(361): CodeIgniter\CodeIgniter->handleRequest(null, Object(Config\Cache), false)
 5 FCPATH\index.php(79): CodeIgniter\CodeIgniter->run()
CRITICAL - 2023-12-11 09:19:32 --> Undefined variable: page_title
in APPPATH\Controllers\Page.php on line 39.
 1 APPPATH\Controllers\Page.php(39): CodeIgniter\Debug\Exceptions->errorHandler(8, 'Undefined variable: page_title', 'C:\\xampp\\htdocs\\tburger\\app\\Controllers\\Page.php', 39, [...])
 2 SYSTEMPATH\CodeIgniter.php(942): App\Controllers\Page->update('1')
 3 SYSTEMPATH\CodeIgniter.php(502): CodeIgniter\CodeIgniter->runController(Object(App\Controllers\Page))
 4 SYSTEMPATH\CodeIgniter.php(361): CodeIgniter\CodeIgniter->handleRequest(null, Object(Config\Cache), false)
 5 FCPATH\index.php(79): CodeIgniter\CodeIgniter->run()
CRITICAL - 2023-12-11 09:20:01 --> Undefined variable: page_title
in APPPATH\Controllers\Page.php on line 39.
 1 APPPATH\Controllers\Page.php(39): CodeIgniter\Debug\Exceptions->errorHandler(8, 'Undefined variable: page_title', 'C:\\xampp\\htdocs\\tburger\\app\\Controllers\\Page.php', 39, [...])
 2 SYSTEMPATH\CodeIgniter.php(942): App\Controllers\Page->update('1')
 3 SYSTEMPATH\CodeIgniter.php(502): CodeIgniter\CodeIgniter->runController(Object(App\Controllers\Page))
 4 SYSTEMPATH\CodeIgniter.php(361): CodeIgniter\CodeIgniter->handleRequest(null, Object(Config\Cache), false)
 5 FCPATH\index.php(79): CodeIgniter\CodeIgniter->run()
CRITICAL - 2023-12-11 09:20:19 --> Undefined variable: page_title
in APPPATH\Controllers\Page.php on line 39.
 1 APPPATH\Controllers\Page.php(39): CodeIgniter\Debug\Exceptions->errorHandler(8, 'Undefined variable: page_title', 'C:\\xampp\\htdocs\\tburger\\app\\Controllers\\Page.php', 39, [...])
 2 SYSTEMPATH\CodeIgniter.php(942): App\Controllers\Page->update('2')
 3 SYSTEMPATH\CodeIgniter.php(502): CodeIgniter\CodeIgniter->runController(Object(App\Controllers\Page))
 4 SYSTEMPATH\CodeIgniter.php(361): CodeIgniter\CodeIgniter->handleRequest(null, Object(Config\Cache), false)
 5 FCPATH\index.php(79): CodeIgniter\CodeIgniter->run()
CRITICAL - 2023-12-11 09:24:05 --> Call to undefined method App\Entities\Pages::update()
in APPPATH\Controllers\Page.php on line 41.
 1 SYSTEMPATH\CodeIgniter.php(942): App\Controllers\Page->update('2')
 2 SYSTEMPATH\CodeIgniter.php(502): CodeIgniter\CodeIgniter->runController(Object(App\Controllers\Page))
 3 SYSTEMPATH\CodeIgniter.php(361): CodeIgniter\CodeIgniter->handleRequest(null, Object(Config\Cache), false)
 4 FCPATH\index.php(79): CodeIgniter\CodeIgniter->run()
CRITICAL - 2023-12-11 09:24:25 --> Call to undefined method App\Entities\Pages::update()
in APPPATH\Controllers\Page.php on line 41.
 1 SYSTEMPATH\CodeIgniter.php(942): App\Controllers\Page->update('2')
 2 SYSTEMPATH\CodeIgniter.php(502): CodeIgniter\CodeIgniter->runController(Object(App\Controllers\Page))
 3 SYSTEMPATH\CodeIgniter.php(361): CodeIgniter\CodeIgniter->handleRequest(null, Object(Config\Cache), false)
 4 FCPATH\index.php(79): CodeIgniter\CodeIgniter->run()
CRITICAL - 2023-12-11 09:25:16 --> There is no data to update.
in SYSTEMPATH\BaseModel.php on line 1726.
 1 SYSTEMPATH\BaseModel.php(1726): CodeIgniter\Database\Exceptions\DataException::forEmptyDataset('update')
 2 SYSTEMPATH\BaseModel.php(916): CodeIgniter\BaseModel->transformDataToArray(null, 'update')
 3 SYSTEMPATH\Model.php(776): CodeIgniter\BaseModel->update(Object(App\Entities\Pages), null)
 4 APPPATH\Controllers\Page.php(41): CodeIgniter\Model->update(Object(App\Entities\Pages))
 5 SYSTEMPATH\CodeIgniter.php(942): App\Controllers\Page->update('2')
 6 SYSTEMPATH\CodeIgniter.php(502): CodeIgniter\CodeIgniter->runController(Object(App\Controllers\Page))
 7 SYSTEMPATH\CodeIgniter.php(361): CodeIgniter\CodeIgniter->handleRequest(null, Object(Config\Cache), false)
 8 FCPATH\index.php(79): CodeIgniter\CodeIgniter->run()
CRITICAL - 2023-12-11 09:25:36 --> There is no data to update.
in SYSTEMPATH\BaseModel.php on line 1726.
 1 SYSTEMPATH\BaseModel.php(1726): CodeIgniter\Database\Exceptions\DataException::forEmptyDataset('update')
 2 SYSTEMPATH\BaseModel.php(916): CodeIgniter\BaseModel->transformDataToArray(null, 'update')
 3 SYSTEMPATH\Model.php(776): CodeIgniter\BaseModel->update(Object(App\Entities\Pages), null)
 4 APPPATH\Controllers\Page.php(41): CodeIgniter\Model->update(Object(App\Entities\Pages))
 5 SYSTEMPATH\CodeIgniter.php(942): App\Controllers\Page->update('2')
 6 SYSTEMPATH\CodeIgniter.php(502): CodeIgniter\CodeIgniter->runController(Object(App\Controllers\Page))
 7 SYSTEMPATH\CodeIgniter.php(361): CodeIgniter\CodeIgniter->handleRequest(null, Object(Config\Cache), false)
 8 FCPATH\index.php(79): CodeIgniter\CodeIgniter->run()
CRITICAL - 2023-12-11 09:25:44 --> There is no data to update.
in SYSTEMPATH\BaseModel.php on line 1726.
 1 SYSTEMPATH\BaseModel.php(1726): CodeIgniter\Database\Exceptions\DataException::forEmptyDataset('update')
 2 SYSTEMPATH\BaseModel.php(916): CodeIgniter\BaseModel->transformDataToArray(null, 'update')
 3 SYSTEMPATH\Model.php(776): CodeIgniter\BaseModel->update(Object(App\Entities\Pages), null)
 4 APPPATH\Controllers\Page.php(41): CodeIgniter\Model->update(Object(App\Entities\Pages))
 5 SYSTEMPATH\CodeIgniter.php(942): App\Controllers\Page->update('2')
 6 SYSTEMPATH\CodeIgniter.php(502): CodeIgniter\CodeIgniter->runController(Object(App\Controllers\Page))
 7 SYSTEMPATH\CodeIgniter.php(361): CodeIgniter\CodeIgniter->handleRequest(null, Object(Config\Cache), false)
 8 FCPATH\index.php(79): CodeIgniter\CodeIgniter->run()
CRITICAL - 2023-12-11 09:26:57 --> There is no data to update.
in SYSTEMPATH\BaseModel.php on line 1726.
 1 SYSTEMPATH\BaseModel.php(1726): CodeIgniter\Database\Exceptions\DataException::forEmptyDataset('update')
 2 SYSTEMPATH\BaseModel.php(916): CodeIgniter\BaseModel->transformDataToArray(null, 'update')
 3 SYSTEMPATH\Model.php(776): CodeIgniter\BaseModel->update(Object(App\Entities\Pages), null)
 4 APPPATH\Controllers\Page.php(41): CodeIgniter\Model->update(Object(App\Entities\Pages))
 5 SYSTEMPATH\CodeIgniter.php(942): App\Controllers\Page->update('2')
 6 SYSTEMPATH\CodeIgniter.php(502): CodeIgniter\CodeIgniter->runController(Object(App\Controllers\Page))
 7 SYSTEMPATH\CodeIgniter.php(361): CodeIgniter\CodeIgniter->handleRequest(null, Object(Config\Cache), false)
 8 FCPATH\index.php(79): CodeIgniter\CodeIgniter->run()
CRITICAL - 2023-12-11 09:29:56 --> There is no data to update.
in SYSTEMPATH\BaseModel.php on line 1749.
 1 SYSTEMPATH\BaseModel.php(1749): CodeIgniter\Database\Exceptions\DataException::forEmptyDataset('update')
 2 SYSTEMPATH\BaseModel.php(916): CodeIgniter\BaseModel->transformDataToArray([], 'update')
 3 SYSTEMPATH\Model.php(776): CodeIgniter\BaseModel->update([...], Object(App\Entities\Pages))
 4 SYSTEMPATH\BaseModel.php(696): CodeIgniter\Model->update('1', Object(App\Entities\Pages))
 5 APPPATH\Controllers\Page.php(41): CodeIgniter\BaseModel->save(Object(App\Entities\Pages))
 6 SYSTEMPATH\CodeIgniter.php(942): App\Controllers\Page->update('1')
 7 SYSTEMPATH\CodeIgniter.php(502): CodeIgniter\CodeIgniter->runController(Object(App\Controllers\Page))
 8 SYSTEMPATH\CodeIgniter.php(361): CodeIgniter\CodeIgniter->handleRequest(null, Object(Config\Cache), false)
 9 FCPATH\index.php(79): CodeIgniter\CodeIgniter->run()
CRITICAL - 2023-12-11 11:16:01 --> Undefined variable: page
in APPPATH\Views\content\new.php on line 8.
 1 APPPATH\Views\content\new.php(8): CodeIgniter\Debug\Exceptions->errorHandler(8, 'Undefined variable: page', 'C:\\xampp\\htdocs\\tburger\\app\\Views\\content\\new.php', 8, [])
 2 SYSTEMPATH\View\View.php(228): include('C:\\xampp\\htdocs\\tburger\\app\\Views\\content\\new.php')
 3 SYSTEMPATH\View\View.php(231): CodeIgniter\View\View->CodeIgniter\View\{closure}()
 4 SYSTEMPATH\Common.php(1190): CodeIgniter\View\View->render('content/new', [], true)
 5 APPPATH\Controllers\Content.php(12): view('content/new')
 6 SYSTEMPATH\CodeIgniter.php(942): App\Controllers\Content->index()
 7 SYSTEMPATH\CodeIgniter.php(502): CodeIgniter\CodeIgniter->runController(Object(App\Controllers\Content))
 8 SYSTEMPATH\CodeIgniter.php(361): CodeIgniter\CodeIgniter->handleRequest(null, Object(Config\Cache), false)
 9 FCPATH\index.php(79): CodeIgniter\CodeIgniter->run()
CRITICAL - 2023-12-11 11:16:10 --> Undefined variable: page
in APPPATH\Views\content\new.php on line 8.
 1 APPPATH\Views\content\new.php(8): CodeIgniter\Debug\Exceptions->errorHandler(8, 'Undefined variable: page', 'C:\\xampp\\htdocs\\tburger\\app\\Views\\content\\new.php', 8, [])
 2 SYSTEMPATH\View\View.php(228): include('C:\\xampp\\htdocs\\tburger\\app\\Views\\content\\new.php')
 3 SYSTEMPATH\View\View.php(231): CodeIgniter\View\View->CodeIgniter\View\{closure}()
 4 SYSTEMPATH\Common.php(1190): CodeIgniter\View\View->render('content/new', [], true)
 5 APPPATH\Controllers\Content.php(12): view('content/new')
 6 SYSTEMPATH\CodeIgniter.php(942): App\Controllers\Content->index()
 7 SYSTEMPATH\CodeIgniter.php(502): CodeIgniter\CodeIgniter->runController(Object(App\Controllers\Content))
 8 SYSTEMPATH\CodeIgniter.php(361): CodeIgniter\CodeIgniter->handleRequest(null, Object(Config\Cache), false)
 9 FCPATH\index.php(79): CodeIgniter\CodeIgniter->run()
INFO - 2023-12-11 12:54:46 --> Session: Class initialized using 'CodeIgniter\Session\Handlers\FileHandler' driver.
CRITICAL - 2023-12-11 13:02:58 --> Call to undefined method App\Entities\ContentEntity::insert()
in APPPATH\Controllers\Content.php on line 18.
 1 SYSTEMPATH\CodeIgniter.php(942): App\Controllers\Content->create()
 2 SYSTEMPATH\CodeIgniter.php(502): CodeIgniter\CodeIgniter->runController(Object(App\Controllers\Content))
 3 SYSTEMPATH\CodeIgniter.php(361): CodeIgniter\CodeIgniter->handleRequest(null, Object(Config\Cache), false)
 4 FCPATH\index.php(79): CodeIgniter\CodeIgniter->run()
INFO - 2023-12-11 13:03:37 --> Session: Class initialized using 'CodeIgniter\Session\Handlers\FileHandler' driver.
INFO - 2023-12-11 13:04:19 --> Session: Class initialized using 'CodeIgniter\Session\Handlers\FileHandler' driver.
