INFO - 2024-01-06 05:30:55 --> Session: Class initialized using 'CodeIgniter\Session\Handlers\FileHandler' driver.
INFO - 2024-01-06 05:30:55 --> Session: Class initialized using 'CodeIgniter\Session\Handlers\FileHandler' driver.
INFO - 2024-01-06 05:30:58 --> Session: Class initialized using 'CodeIgniter\Session\Handlers\FileHandler' driver.
INFO - 2024-01-06 05:30:58 --> Session: Class initialized using 'CodeIgniter\Session\Handlers\FileHandler' driver.
INFO - 2024-01-06 05:31:00 --> Session: Class initialized using 'CodeIgniter\Session\Handlers\FileHandler' driver.
INFO - 2024-01-06 05:31:00 --> Session: Class initialized using 'CodeIgniter\Session\Handlers\FileHandler' driver.
INFO - 2024-01-06 05:31:14 --> Session: Class initialized using 'CodeIgniter\Session\Handlers\FileHandler' driver.
INFO - 2024-01-06 05:31:14 --> Session: Class initialized using 'CodeIgniter\Session\Handlers\FileHandler' driver.
INFO - 2024-01-06 05:31:14 --> Session: Class initialized using 'CodeIgniter\Session\Handlers\FileHandler' driver.
INFO - 2024-01-06 05:31:14 --> Session: Class initialized using 'CodeIgniter\Session\Handlers\FileHandler' driver.
INFO - 2024-01-06 05:31:15 --> Session: Class initialized using 'CodeIgniter\Session\Handlers\FileHandler' driver.
INFO - 2024-01-06 05:31:23 --> Session: Class initialized using 'CodeIgniter\Session\Handlers\FileHandler' driver.
INFO - 2024-01-06 05:31:23 --> Session: Class initialized using 'CodeIgniter\Session\Handlers\FileHandler' driver.
INFO - 2024-01-06 05:31:39 --> Session: Class initialized using 'CodeIgniter\Session\Handlers\FileHandler' driver.
INFO - 2024-01-06 05:31:39 --> Session: Class initialized using 'CodeIgniter\Session\Handlers\FileHandler' driver.
INFO - 2024-01-06 09:42:02 --> Session: Class initialized using 'CodeIgniter\Session\Handlers\FileHandler' driver.
CRITICAL - 2024-01-06 09:42:02 --> Trying to get property 'role' of non-object
in APPPATH\Views\admin\adminlayout\header.php on line 93.
 1 APPPATH\Views\admin\adminlayout\header.php(93): CodeIgniter\Debug\Exceptions->errorHandler(8, 'Trying to get property \'role\' of non-object', 'C:\\xampp\\htdocs\\tburger\\app\\Views\\admin\\adminlayout\\header.php', 93, [...])
 2 SYSTEMPATH\View\View.php(228): include('C:\\xampp\\htdocs\\tburger\\app\\Views\\admin\\adminlayout\\header.php')
 3 SYSTEMPATH\View\View.php(231): CodeIgniter\View\View->CodeIgniter\View\{closure}()
 4 SYSTEMPATH\View\View.php(469): CodeIgniter\View\View->render('admin/adminlayout/header', null, true)
 5 APPPATH\Views\content\show.php(1): CodeIgniter\View\View->include('admin/adminlayout/header')
 6 SYSTEMPATH\View\View.php(228): include('C:\\xampp\\htdocs\\tburger\\app\\Views\\content\\show.php')
 7 SYSTEMPATH\View\View.php(231): CodeIgniter\View\View->CodeIgniter\View\{closure}()
 8 SYSTEMPATH\Common.php(1190): CodeIgniter\View\View->render('content/show', [], true)
 9 APPPATH\Controllers\Content.php(47): view('content/show', [...])
10 SYSTEMPATH\CodeIgniter.php(942): App\Controllers\Content->show()
11 SYSTEMPATH\CodeIgniter.php(502): CodeIgniter\CodeIgniter->runController(Object(App\Controllers\Content))
12 SYSTEMPATH\CodeIgniter.php(361): CodeIgniter\CodeIgniter->handleRequest(null, Object(Config\Cache), false)
13 FCPATH\index.php(79): CodeIgniter\CodeIgniter->run()
INFO - 2024-01-06 09:42:07 --> Session: Class initialized using 'CodeIgniter\Session\Handlers\FileHandler' driver.
CRITICAL - 2024-01-06 09:42:07 --> Trying to get property 'role' of non-object
in APPPATH\Views\admin\adminlayout\header.php on line 93.
 1 APPPATH\Views\admin\adminlayout\header.php(93): CodeIgniter\Debug\Exceptions->errorHandler(8, 'Trying to get property \'role\' of non-object', 'C:\\xampp\\htdocs\\tburger\\app\\Views\\admin\\adminlayout\\header.php', 93, [...])
 2 SYSTEMPATH\View\View.php(228): include('C:\\xampp\\htdocs\\tburger\\app\\Views\\admin\\adminlayout\\header.php')
 3 SYSTEMPATH\View\View.php(231): CodeIgniter\View\View->CodeIgniter\View\{closure}()
 4 SYSTEMPATH\View\View.php(469): CodeIgniter\View\View->render('admin/adminlayout/header', null, true)
 5 APPPATH\Views\content\show.php(1): CodeIgniter\View\View->include('admin/adminlayout/header')
 6 SYSTEMPATH\View\View.php(228): include('C:\\xampp\\htdocs\\tburger\\app\\Views\\content\\show.php')
 7 SYSTEMPATH\View\View.php(231): CodeIgniter\View\View->CodeIgniter\View\{closure}()
 8 SYSTEMPATH\Common.php(1190): CodeIgniter\View\View->render('content/show', [], true)
 9 APPPATH\Controllers\Content.php(47): view('content/show', [...])
10 SYSTEMPATH\CodeIgniter.php(942): App\Controllers\Content->show()
11 SYSTEMPATH\CodeIgniter.php(502): CodeIgniter\CodeIgniter->runController(Object(App\Controllers\Content))
12 SYSTEMPATH\CodeIgniter.php(361): CodeIgniter\CodeIgniter->handleRequest(null, Object(Config\Cache), false)
13 FCPATH\index.php(79): CodeIgniter\CodeIgniter->run()
INFO - 2024-01-06 09:42:09 --> Session: Class initialized using 'CodeIgniter\Session\Handlers\FileHandler' driver.
CRITICAL - 2024-01-06 09:42:09 --> Trying to get property 'role' of non-object
in APPPATH\Views\admin\adminlayout\header.php on line 93.
 1 APPPATH\Views\admin\adminlayout\header.php(93): CodeIgniter\Debug\Exceptions->errorHandler(8, 'Trying to get property \'role\' of non-object', 'C:\\xampp\\htdocs\\tburger\\app\\Views\\admin\\adminlayout\\header.php', 93, [...])
 2 SYSTEMPATH\View\View.php(228): include('C:\\xampp\\htdocs\\tburger\\app\\Views\\admin\\adminlayout\\header.php')
 3 SYSTEMPATH\View\View.php(231): CodeIgniter\View\View->CodeIgniter\View\{closure}()
 4 SYSTEMPATH\View\View.php(469): CodeIgniter\View\View->render('admin/adminlayout/header', null, true)
 5 APPPATH\Views\content\show.php(1): CodeIgniter\View\View->include('admin/adminlayout/header')
 6 SYSTEMPATH\View\View.php(228): include('C:\\xampp\\htdocs\\tburger\\app\\Views\\content\\show.php')
 7 SYSTEMPATH\View\View.php(231): CodeIgniter\View\View->CodeIgniter\View\{closure}()
 8 SYSTEMPATH\Common.php(1190): CodeIgniter\View\View->render('content/show', [], true)
 9 APPPATH\Controllers\Content.php(47): view('content/show', [...])
10 SYSTEMPATH\CodeIgniter.php(942): App\Controllers\Content->show()
11 SYSTEMPATH\CodeIgniter.php(502): CodeIgniter\CodeIgniter->runController(Object(App\Controllers\Content))
12 SYSTEMPATH\CodeIgniter.php(361): CodeIgniter\CodeIgniter->handleRequest(null, Object(Config\Cache), false)
13 FCPATH\index.php(79): CodeIgniter\CodeIgniter->run()
INFO - 2024-01-06 09:42:12 --> Session: Class initialized using 'CodeIgniter\Session\Handlers\FileHandler' driver.
CRITICAL - 2024-01-06 09:42:12 --> Trying to get property 'role' of non-object
in APPPATH\Controllers\Admin.php on line 41.
 1 APPPATH\Controllers\Admin.php(41): CodeIgniter\Debug\Exceptions->errorHandler(8, 'Trying to get property \'role\' of non-object', 'C:\\xampp\\htdocs\\tburger\\app\\Controllers\\Admin.php', 41, [...])
 2 SYSTEMPATH\CodeIgniter.php(942): App\Controllers\Admin->index()
 3 SYSTEMPATH\CodeIgniter.php(502): CodeIgniter\CodeIgniter->runController(Object(App\Controllers\Admin))
 4 SYSTEMPATH\CodeIgniter.php(361): CodeIgniter\CodeIgniter->handleRequest(null, Object(Config\Cache), false)
 5 FCPATH\index.php(79): CodeIgniter\CodeIgniter->run()
INFO - 2024-01-06 09:42:26 --> Session: Class initialized using 'CodeIgniter\Session\Handlers\FileHandler' driver.
CRITICAL - 2024-01-06 09:42:26 --> Trying to get property 'role' of non-object
in APPPATH\Controllers\Admin.php on line 41.
 1 APPPATH\Controllers\Admin.php(41): CodeIgniter\Debug\Exceptions->errorHandler(8, 'Trying to get property \'role\' of non-object', 'C:\\xampp\\htdocs\\tburger\\app\\Controllers\\Admin.php', 41, [...])
 2 SYSTEMPATH\CodeIgniter.php(942): App\Controllers\Admin->index()
 3 SYSTEMPATH\CodeIgniter.php(502): CodeIgniter\CodeIgniter->runController(Object(App\Controllers\Admin))
 4 SYSTEMPATH\CodeIgniter.php(361): CodeIgniter\CodeIgniter->handleRequest(null, Object(Config\Cache), false)
 5 FCPATH\index.php(79): CodeIgniter\CodeIgniter->run()
INFO - 2024-01-06 09:42:27 --> Session: Class initialized using 'CodeIgniter\Session\Handlers\FileHandler' driver.
CRITICAL - 2024-01-06 09:42:27 --> Trying to get property 'role' of non-object
in APPPATH\Controllers\Admin.php on line 41.
 1 APPPATH\Controllers\Admin.php(41): CodeIgniter\Debug\Exceptions->errorHandler(8, 'Trying to get property \'role\' of non-object', 'C:\\xampp\\htdocs\\tburger\\app\\Controllers\\Admin.php', 41, [...])
 2 SYSTEMPATH\CodeIgniter.php(942): App\Controllers\Admin->index()
 3 SYSTEMPATH\CodeIgniter.php(502): CodeIgniter\CodeIgniter->runController(Object(App\Controllers\Admin))
 4 SYSTEMPATH\CodeIgniter.php(361): CodeIgniter\CodeIgniter->handleRequest(null, Object(Config\Cache), false)
 5 FCPATH\index.php(79): CodeIgniter\CodeIgniter->run()
INFO - 2024-01-06 09:42:34 --> Session: Class initialized using 'CodeIgniter\Session\Handlers\FileHandler' driver.
INFO - 2024-01-06 09:42:34 --> Session: Class initialized using 'CodeIgniter\Session\Handlers\FileHandler' driver.
INFO - 2024-01-06 09:42:37 --> Session: Class initialized using 'CodeIgniter\Session\Handlers\FileHandler' driver.
INFO - 2024-01-06 09:42:54 --> Session: Class initialized using 'CodeIgniter\Session\Handlers\FileHandler' driver.
INFO - 2024-01-06 09:42:54 --> Session: Class initialized using 'CodeIgniter\Session\Handlers\FileHandler' driver.
INFO - 2024-01-06 09:42:55 --> Session: Class initialized using 'CodeIgniter\Session\Handlers\FileHandler' driver.
INFO - 2024-01-06 09:42:55 --> Session: Class initialized using 'CodeIgniter\Session\Handlers\FileHandler' driver.
INFO - 2024-01-06 09:42:56 --> Session: Class initialized using 'CodeIgniter\Session\Handlers\FileHandler' driver.
INFO - 2024-01-06 09:42:58 --> Session: Class initialized using 'CodeIgniter\Session\Handlers\FileHandler' driver.
INFO - 2024-01-06 09:42:58 --> Session: Class initialized using 'CodeIgniter\Session\Handlers\FileHandler' driver.
INFO - 2024-01-06 09:43:01 --> Session: Class initialized using 'CodeIgniter\Session\Handlers\FileHandler' driver.
INFO - 2024-01-06 09:43:03 --> Session: Class initialized using 'CodeIgniter\Session\Handlers\FileHandler' driver.
INFO - 2024-01-06 09:43:10 --> Session: Class initialized using 'CodeIgniter\Session\Handlers\FileHandler' driver.
INFO - 2024-01-06 09:43:10 --> Session: Class initialized using 'CodeIgniter\Session\Handlers\FileHandler' driver.
INFO - 2024-01-06 09:43:13 --> Session: Class initialized using 'CodeIgniter\Session\Handlers\FileHandler' driver.
INFO - 2024-01-06 09:43:15 --> Session: Class initialized using 'CodeIgniter\Session\Handlers\FileHandler' driver.
INFO - 2024-01-06 09:52:59 --> Session: Class initialized using 'CodeIgniter\Session\Handlers\FileHandler' driver.
INFO - 2024-01-06 09:53:00 --> Session: Class initialized using 'CodeIgniter\Session\Handlers\FileHandler' driver.
INFO - 2024-01-06 09:53:07 --> Session: Class initialized using 'CodeIgniter\Session\Handlers\FileHandler' driver.
INFO - 2024-01-06 09:53:09 --> Session: Class initialized using 'CodeIgniter\Session\Handlers\FileHandler' driver.
INFO - 2024-01-06 10:54:56 --> Session: Class initialized using 'CodeIgniter\Session\Handlers\FileHandler' driver.
INFO - 2024-01-06 10:54:58 --> Session: Class initialized using 'CodeIgniter\Session\Handlers\FileHandler' driver.
